SF:/home/user/desafio-stgenetics/src/GoodHamburger.Api/Program.cs
FN:3,System.Void Program::<Main>$(System.String[])
FNDA:8,System.Void Program::<Main>$(System.String[])
DA:4,8
DA:6,8
DA:7,8
DA:8,8
DA:9,8
DA:11,8
DA:13,8
DA:14,8
DA:15,8
DA:16,8
DA:18,8
LF:11
LH:11
BRF:0
BRH:0
FNF:1
FNH:1
end_of_record
SF:/home/user/desafio-stgenetics/src/GoodHamburger.Api/obj/Debug/net10.0/Microsoft.AspNetCore.OpenApi.SourceGenerators/Microsoft.AspNetCore.OpenApi.SourceGenerators.XmlCommentGenerator/OpenApiXmlCommentSupport.generated.cs
FN:46,System.String Microsoft.AspNetCore.OpenApi.Generated.<OpenApiXmlCommentSupport_generated>F545CAAA1E346606C5FB8B0925932F56C4262CBE20B7B4D0D2C9B342C1C868FE8__XmlComment::get_Summary()
FNDA:0,System.String Microsoft.AspNetCore.OpenApi.Generated.<OpenApiXmlCommentSupport_generated>F545CAAA1E346606C5FB8B0925932F56C4262CBE20B7B4D0D2C9B342C1C868FE8__XmlComment::get_Summary()
DA:47,0
FN:47,System.String Microsoft.AspNetCore.OpenApi.Generated.<OpenApiXmlCommentSupport_generated>F545CAAA1E346606C5FB8B0925932F56C4262CBE20B7B4D0D2C9B342C1C868FE8__XmlComment::get_Description()
FNDA:0,System.String Microsoft.AspNetCore.OpenApi.Generated.<OpenApiXmlCommentSupport_generated>F545CAAA1E346606C5FB8B0925932F56C4262CBE20B7B4D0D2C9B342C1C868FE8__XmlComment::get_Description()
DA:48,0
FN:48,System.String Microsoft.AspNetCore.OpenApi.Generated.<OpenApiXmlCommentSupport_generated>F545CAAA1E346606C5FB8B0925932F56C4262CBE20B7B4D0D2C9B342C1C868FE8__XmlComment::get_Remarks()
FNDA:0,System.String Microsoft.AspNetCore.OpenApi.Generated.<OpenApiXmlCommentSupport_generated>F545CAAA1E346606C5FB8B0925932F56C4262CBE20B7B4D0D2C9B342C1C868FE8__XmlComment::get_Remarks()
DA:49,0
FN:49,System.String Microsoft.AspNetCore.OpenApi.Generated.<OpenApiXmlCommentSupport_generated>F545CAAA1E346606C5FB8B0925932F56C4262CBE20B7B4D0D2C9B342C1C868FE8__XmlComment::get_Returns()
FNDA:0,System.String Microsoft.AspNetCore.OpenApi.Generated.<OpenApiXmlCommentSupport_generated>F545CAAA1E346606C5FB8B0925932F56C4262CBE20B7B4D0D2C9B342C1C868FE8__XmlComment::get_Returns()
DA:50,0
FN:50,System.String Microsoft.AspNetCore.OpenApi.Generated.<OpenApiXmlCommentSupport_generated>F545CAAA1E346606C5FB8B0925932F56C4262CBE20B7B4D0D2C9B342C1C868FE8__XmlComment::get_Value()
FNDA:0,System.String Microsoft.AspNetCore.OpenApi.Generated.<OpenApiXmlCommentSupport_generated>F545CAAA1E346606C5FB8B0925932F56C4262CBE20B7B4D0D2C9B342C1C868FE8__XmlComment::get_Value()
DA:51,0
FN:51,System.Boolean Microsoft.AspNetCore.OpenApi.Generated.<OpenApiXmlCommentSupport_generated>F545CAAA1E346606C5FB8B0925932F56C4262CBE20B7B4D0D2C9B342C1C868FE8__XmlComment::get_Deprecated()
FNDA:0,System.Boolean Microsoft.AspNetCore.OpenApi.Generated.<OpenApiXmlCommentSupport_generated>F545CAAA1E346606C5FB8B0925932F56C4262CBE20B7B4D0D2C9B342C1C868FE8__XmlComment::get_Deprecated()
DA:52,0
FN:52,System.Collections.Generic.List`1<System.String> Microsoft.AspNetCore.OpenApi.Generated.<OpenApiXmlCommentSupport_generated>F545CAAA1E346606C5FB8B0925932F56C4262CBE20B7B4D0D2C9B342C1C868FE8__XmlComment::get_Examples()
FNDA:0,System.Collections.Generic.List`1<System.String> Microsoft.AspNetCore.OpenApi.Generated.<OpenApiXmlCommentSupport_generated>F545CAAA1E346606C5FB8B0925932F56C4262CBE20B7B4D0D2C9B342C1C868FE8__XmlComment::get_Examples()
DA:53,0
FN:53,System.Collections.Generic.List`1<Microsoft.AspNetCore.OpenApi.Generated.<OpenApiXmlCommentSupport_generated>F545CAAA1E346606C5FB8B0925932F56C4262CBE20B7B4D0D2C9B342C1C868FE8__XmlParameterComment> Microsoft.AspNetCore.OpenApi.Generated.<OpenApiXmlCommentSupport_generated>F545CAAA1E346606C5FB8B0925932F56C4262CBE20B7B4D0D2C9B342C1C868FE8__XmlComment::get_Parameters()
FNDA:0,System.Collections.Generic.List`1<Microsoft.AspNetCore.OpenApi.Generated.<OpenApiXmlCommentSupport_generated>F545CAAA1E346606C5FB8B0925932F56C4262CBE20B7B4D0D2C9B342C1C868FE8__XmlParameterComment> Microsoft.AspNetCore.OpenApi.Generated.<OpenApiXmlCommentSupport_generated>F545CAAA1E346606C5FB8B0925932F56C4262CBE20B7B4D0D2C9B342C1C868FE8__XmlComment::get_Parameters()
DA:54,0
FN:54,System.Collections.Generic.List`1<Microsoft.AspNetCore.OpenApi.Generated.<OpenApiXmlCommentSupport_generated>F545CAAA1E346606C5FB8B0925932F56C4262CBE20B7B4D0D2C9B342C1C868FE8__XmlResponseComment> Microsoft.AspNetCore.OpenApi.Generated.<OpenApiXmlCommentSupport_generated>F545CAAA1E346606C5FB8B0925932F56C4262CBE20B7B4D0D2C9B342C1C868FE8__XmlComment::get_Responses()
FNDA:0,System.Collections.Generic.List`1<Microsoft.AspNetCore.OpenApi.Generated.<OpenApiXmlCommentSupport_generated>F545CAAA1E346606C5FB8B0925932F56C4262CBE20B7B4D0D2C9B342C1C868FE8__XmlResponseComment> Microsoft.AspNetCore.OpenApi.Generated.<OpenApiXmlCommentSupport_generated>F545CAAA1E346606C5FB8B0925932F56C4262CBE20B7B4D0D2C9B342C1C868FE8__XmlComment::get_Responses()
DA:55,0
FN:45,System.Void Microsoft.AspNetCore.OpenApi.Generated.<OpenApiXmlCommentSupport_generated>F545CAAA1E346606C5FB8B0925932F56C4262CBE20B7B4D0D2C9B342C1C868FE8__XmlComment::.ctor(System.String,System.String,System.String,System.String,System.String,System.Boolean,System.Collections.Generic.List`1<System.String>,System.Collections.Generic.List`1<Microsoft.AspNetCore.OpenApi.Generated.<OpenApiXmlCommentSupport_generated>F545CAAA1E346606C5FB8B0925932F56C4262CBE20B7B4D0D2C9B342C1C868FE8__XmlParameterComment>,System.Collections.Generic.List`1<Microsoft.AspNetCore.OpenApi.Generated.<OpenApiXmlCommentSupport_generated>F545CAAA1E346606C5FB8B0925932F56C4262CBE20B7B4D0D2C9B342C1C868FE8__XmlResponseComment>)
FNDA:0,System.Void Microsoft.AspNetCore.OpenApi.Generated.<OpenApiXmlCommentSupport_generated>F545CAAA1E346606C5FB8B0925932F56C4262CBE20B7B4D0D2C9B342C1C868FE8__XmlComment::.ctor(System.String,System.String,System.String,System.String,System.String,System.Boolean,System.Collections.Generic.List`1<System.String>,System.Collections.Generic.List`1<Microsoft.AspNetCore.OpenApi.Generated.<OpenApiXmlCommentSupport_generated>F545CAAA1E346606C5FB8B0925932F56C4262CBE20B7B4D0D2C9B342C1C868FE8__XmlParameterComment>,System.Collections.Generic.List`1<Microsoft.AspNetCore.OpenApi.Generated.<OpenApiXmlCommentSupport_generated>F545CAAA1E346606C5FB8B0925932F56C4262CBE20B7B4D0D2C9B342C1C868FE8__XmlResponseComment>)
DA:46,0
FN:57,System.String Microsoft.AspNetCore.OpenApi.Generated.<OpenApiXmlCommentSupport_generated>F545CAAA1E346606C5FB8B0925932F56C4262CBE20B7B4D0D2C9B342C1C868FE8__XmlParameterComment::get_Name()
FNDA:0,System.String Microsoft.AspNetCore.OpenApi.Generated.<OpenApiXmlCommentSupport_generated>F545CAAA1E346606C5FB8B0925932F56C4262CBE20B7B4D0D2C9B342C1C868FE8__XmlParameterComment::get_Name()
DA:58,0
FN:60,System.String Microsoft.AspNetCore.OpenApi.Generated.<OpenApiXmlCommentSupport_generated>F545CAAA1E346606C5FB8B0925932F56C4262CBE20B7B4D0D2C9B342C1C868FE8__XmlResponseComment::get_Code()
FNDA:0,System.String Microsoft.AspNetCore.OpenApi.Generated.<OpenApiXmlCommentSupport_generated>F545CAAA1E346606C5FB8B0925932F56C4262CBE20B7B4D0D2C9B342C1C868FE8__XmlResponseComment::get_Code()
DA:61,0
FN:66,System.Collections.Generic.Dictionary`2<System.String,Microsoft.AspNetCore.OpenApi.Generated.<OpenApiXmlCommentSupport_generated>F545CAAA1E346606C5FB8B0925932F56C4262CBE20B7B4D0D2C9B342C1C868FE8__XmlComment> Microsoft.AspNetCore.OpenApi.Generated.<OpenApiXmlCommentSupport_generated>F545CAAA1E346606C5FB8B0925932F56C4262CBE20B7B4D0D2C9B342C1C868FE8__XmlCommentCache::get_Cache()
FNDA:0,System.Collections.Generic.Dictionary`2<System.String,Microsoft.AspNetCore.OpenApi.Generated.<OpenApiXmlCommentSupport_generated>F545CAAA1E346606C5FB8B0925932F56C4262CBE20B7B4D0D2C9B342C1C868FE8__XmlComment> Microsoft.AspNetCore.OpenApi.Generated.<OpenApiXmlCommentSupport_generated>F545CAAA1E346606C5FB8B0925932F56C4262CBE20B7B4D0D2C9B342C1C868FE8__XmlCommentCache::get_Cache()
DA:67,0
BRDA:67,6,0,0
BRDA:67,6,1,0
FN:69,System.Collections.Generic.Dictionary`2<System.String,Microsoft.AspNetCore.OpenApi.Generated.<OpenApiXmlCommentSupport_generated>F545CAAA1E346606C5FB8B0925932F56C4262CBE20B7B4D0D2C9B342C1C868FE8__XmlComment> Microsoft.AspNetCore.OpenApi.Generated.<OpenApiXmlCommentSupport_generated>F545CAAA1E346606C5FB8B0925932F56C4262CBE20B7B4D0D2C9B342C1C868FE8__XmlCommentCache::GenerateCacheEntries()
FNDA:0,System.Collections.Generic.Dictionary`2<System.String,Microsoft.AspNetCore.OpenApi.Generated.<OpenApiXmlCommentSupport_generated>F545CAAA1E346606C5FB8B0925932F56C4262CBE20B7B4D0D2C9B342C1C868FE8__XmlComment> Microsoft.AspNetCore.OpenApi.Generated.<OpenApiXmlCommentSupport_generated>F545CAAA1E346606C5FB8B0925932F56C4262CBE20B7B4D0D2C9B342C1C868FE8__XmlCommentCache::GenerateCacheEntries()
DA:70,0
DA:71,0
DA:74,0
DA:75,0
FN:85,System.String Microsoft.AspNetCore.OpenApi.Generated.<OpenApiXmlCommentSupport_generated>F545CAAA1E346606C5FB8B0925932F56C4262CBE20B7B4D0D2C9B342C1C868FE8__DocumentationCommentIdHelper::CreateDocumentationId(System.Type)
FNDA:0,System.String Microsoft.AspNetCore.OpenApi.Generated.<OpenApiXmlCommentSupport_generated>F545CAAA1E346606C5FB8B0925932F56C4262CBE20B7B4D0D2C9B342C1C868FE8__DocumentationCommentIdHelper::CreateDocumentationId(System.Type)
DA:86,0
DA:87,0
DA:88,0
DA:89,0
DA:92,0
DA:93,0
BRDA:87,10,0,0
BRDA:87,10,1,0
FN:99,System.String Microsoft.AspNetCore.OpenApi.Generated.<OpenApiXmlCommentSupport_generated>F545CAAA1E346606C5FB8B0925932F56C4262CBE20B7B4D0D2C9B342C1C868FE8__DocumentationCommentIdHelper::CreateDocumentationId(System.Reflection.PropertyInfo)
FNDA:0,System.String Microsoft.AspNetCore.OpenApi.Generated.<OpenApiXmlCommentSupport_generated>F545CAAA1E346606C5FB8B0925932F56C4262CBE20B7B4D0D2C9B342C1C868FE8__DocumentationCommentIdHelper::CreateDocumentationId(System.Reflection.PropertyInfo)
DA:100,0
DA:101,0
DA:102,0
DA:103,0
DA:106,0
DA:107,0
DA:109,0
DA:110,0
DA:111,0
DA:112,0
DA:114,0
DA:115,0
DA:118,0
DA:119,0
DA:120,0
DA:121,0
DA:122,0
DA:123,0
DA:124,0
DA:125,0
DA:126,0
DA:127,0
DA:129,0
DA:130,0
DA:131,0
DA:132,0
DA:134,0
DA:135,0
BRDA:101,10,0,0
BRDA:101,10,1,0
BRDA:109,56,0,0
BRDA:109,56,1,0
BRDA:119,118,0,0
BRDA:122,199,1,0
BRDA:124,145,0,0
BRDA:124,145,1,0
BRDA:122,199,0,0
BRDA:119,118,1,0
FN:141,System.String Microsoft.AspNetCore.OpenApi.Generated.<OpenApiXmlCommentSupport_generated>F545CAAA1E346606C5FB8B0925932F56C4262CBE20B7B4D0D2C9B342C1C868FE8__DocumentationCommentIdHelper::CreateDocumentationId(System.Type,System.String)
FNDA:0,System.String Microsoft.AspNetCore.OpenApi.Generated.<OpenApiXmlCommentSupport_generated>F545CAAA1E346606C5FB8B0925932F56C4262CBE20B7B4D0D2C9B342C1C868FE8__DocumentationCommentIdHelper::CreateDocumentationId(System.Type,System.String)
DA:142,0
DA:143,0
DA:144,0
DA:145,0
DA:147,0
DA:148,0
DA:149,0
DA:152,0
DA:153,0
DA:154,0
DA:155,0
DA:156,0
DA:158,0
DA:159,0
BRDA:143,10,0,0
BRDA:143,10,1,0
BRDA:147,32,0,0
BRDA:147,32,1,0
FN:167,System.String Microsoft.AspNetCore.OpenApi.Generated.<OpenApiXmlCommentSupport_generated>F545CAAA1E346606C5FB8B0925932F56C4262CBE20B7B4D0D2C9B342C1C868FE8__DocumentationCommentIdHelper::CreateDocumentationId(System.Reflection.MethodInfo)
FNDA:0,System.String Microsoft.AspNetCore.OpenApi.Generated.<OpenApiXmlCommentSupport_generated>F545CAAA1E346606C5FB8B0925932F56C4262CBE20B7B4D0D2C9B342C1C868FE8__DocumentationCommentIdHelper::CreateDocumentationId(System.Reflection.MethodInfo)
DA:168,0
DA:169,0
DA:170,0
DA:171,0
DA:174,0
DA:175,0
DA:178,0
DA:179,0
DA:180,0
DA:181,0
DA:183,0
DA:186,0
DA:187,0
DA:188,0
DA:189,0
DA:191,0
DA:192,0
DA:193,0
DA:194,0
DA:195,0
DA:196,0
DA:197,0
DA:198,0
DA:201,0
DA:202,0
DA:203,0
DA:204,0
DA:205,0
DA:206,0
DA:207,0
DA:208,0
DA:209,0
DA:210,0
DA:213,0
DA:214,0
DA:215,0
DA:216,0
DA:219,0
DA:220,0
DA:221,0
DA:223,0
DA:224,0
DA:226,0
DA:227,0
BRDA:169,10,0,0
BRDA:169,10,1,0
BRDA:178,56,0,0
BRDA:178,56,1,0
BRDA:186,99,0,0
BRDA:188,109,0,0
BRDA:188,109,1,0
BRDA:186,99,1,0
BRDA:193,156,0,0
BRDA:193,156,1,0
BRDA:202,219,0,0
BRDA:205,300,1,0
BRDA:207,246,0,0
BRDA:207,246,1,0
BRDA:205,300,0,0
BRDA:202,219,1,0
BRDA:219,337,0,0
BRDA:219,337,1,0
FN:237,System.String Microsoft.AspNetCore.OpenApi.Generated.<OpenApiXmlCommentSupport_generated>F545CAAA1E346606C5FB8B0925932F56C4262CBE20B7B4D0D2C9B342C1C868FE8__DocumentationCommentIdHelper::GetTypeDocId(System.Type,System.Boolean,System.Boolean)
FNDA:0,System.String Microsoft.AspNetCore.OpenApi.Generated.<OpenApiXmlCommentSupport_generated>F545CAAA1E346606C5FB8B0925932F56C4262CBE20B7B4D0D2C9B342C1C868FE8__DocumentationCommentIdHelper::GetTypeDocId(System.Type,System.Boolean,System.Boolean)
DA:238,0
DA:239,0
DA:240,0
DA:242,0
DA:243,0
DA:244,0
DA:246,0
DA:247,0
DA:248,0
DA:251,0
DA:252,0
DA:256,0
DA:257,0
DA:258,0
DA:259,0
DA:261,0
DA:264,0
DA:265,0
DA:266,0
DA:267,0
DA:268,0
DA:269,0
DA:270,0
DA:271,0
DA:272,0
DA:273,0
DA:276,0
DA:277,0
DA:278,0
DA:279,0
DA:281,0
DA:282,0
DA:283,0
DA:284,0
DA:285,0
DA:286,0
DA:288,0
DA:289,0
DA:290,0
DA:291,0
DA:293,0
DA:294,0
DA:295,0
DA:296,0
DA:297,0
DA:298,0
DA:300,0
DA:301,0
DA:303,0
DA:304,0
DA:306,0
DA:310,0
DA:311,0
BRDA:239,9,0,0
BRDA:242,26,0,0
BRDA:242,26,1,0
BRDA:246,75,0,0
BRDA:246,75,1,0
BRDA:239,9,1,0
BRDA:256,131,0,0
BRDA:259,153,0,0
BRDA:259,153,1,0
BRDA:264,271,1,0
BRDA:267,206,0,0
BRDA:267,206,1,0
BRDA:271,232,0,0
BRDA:271,232,1,0
BRDA:264,271,0,0
BRDA:281,281,0,0
BRDA:281,281,1,0
BRDA:288,332,0,0
BRDA:288,332,1,0
BRDA:288,350,0,0
BRDA:293,439,1,0
BRDA:295,386,0,0
BRDA:295,386,1,0
BRDA:293,439,0,0
BRDA:288,350,1,0
BRDA:256,131,1,0
BRDA:310,469,0,0
BRDA:310,469,1,0
FN:319,System.String Microsoft.AspNetCore.OpenApi.Generated.<OpenApiXmlCommentSupport_generated>F545CAAA1E346606C5FB8B0925932F56C4262CBE20B7B4D0D2C9B342C1C868FE8__DocumentationCommentIdHelper::NormalizeDocId(System.String)
FNDA:0,System.String Microsoft.AspNetCore.OpenApi.Generated.<OpenApiXmlCommentSupport_generated>F545CAAA1E346606C5FB8B0925932F56C4262CBE20B7B4D0D2C9B342C1C868FE8__DocumentationCommentIdHelper::NormalizeDocId(System.String)
DA:320,0
DA:322,0
DA:323,0
DA:324,0
DA:326,0
DA:331,0
DA:332,0
DA:333,0
DA:337,0
DA:338,0
BRDA:323,16,0,0
BRDA:323,16,1,0
BRDA:331,34,0,0
BRDA:331,34,1,0
BRDA:331,52,0,0
BRDA:331,52,1,0
FN:344,System.Threading.Tasks.Task Microsoft.AspNetCore.OpenApi.Generated.<OpenApiXmlCommentSupport_generated>F545CAAA1E346606C5FB8B0925932F56C4262CBE20B7B4D0D2C9B342C1C868FE8__XmlCommentOperationTransformer::TransformAsync(Microsoft.OpenApi.OpenApiOperation,Microsoft.AspNetCore.OpenApi.OpenApiOperationTransformerContext,System.Threading.CancellationToken)
FNDA:0,System.Threading.Tasks.Task Microsoft.AspNetCore.OpenApi.Generated.<OpenApiXmlCommentSupport_generated>F545CAAA1E346606C5FB8B0925932F56C4262CBE20B7B4D0D2C9B342C1C868FE8__XmlCommentOperationTransformer::TransformAsync(Microsoft.OpenApi.OpenApiOperation,Microsoft.AspNetCore.OpenApi.OpenApiOperationTransformerContext,System.Threading.CancellationToken)
DA:345,0
DA:346,0
DA:347,0
DA:348,0
DA:350,0
DA:351,0
DA:352,0
DA:354,0
DA:355,0
DA:356,0
DA:357,0
DA:358,0
DA:359,0
DA:360,0
DA:361,0
DA:362,0
DA:363,0
DA:364,0
DA:365,0
DA:366,0
DA:367,0
DA:368,0
DA:369,0
DA:370,0
DA:371,0
DA:372,0
DA:373,0
DA:374,0
DA:375,0
DA:376,0
DA:377,0
DA:378,0
DA:379,0
DA:380,0
DA:381,0
DA:382,0
DA:383,0
DA:385,0
DA:386,0
DA:387,0
DA:388,0
DA:389,0
DA:390,0
DA:391,0
DA:392,0
DA:393,0
DA:394,0
DA:395,0
DA:397,0
DA:398,0
DA:399,0
DA:400,0
DA:401,0
DA:402,0
DA:403,0
DA:404,0
DA:405,0
DA:407,0
DA:408,0
DA:409,0
DA:410,0
DA:411,0
DA:413,0
DA:414,0
DA:415,0
DA:416,0
DA:417,0
DA:418,0
DA:419,0
DA:420,0
DA:421,0
DA:422,0
DA:423,0
DA:424,0
DA:425,0
DA:426,0
DA:427,0
DA:428,0
DA:429,0
DA:430,0
DA:431,0
DA:432,0
DA:433,0
DA:434,0
DA:435,0
DA:436,0
DA:437,0
DA:438,0
DA:439,0
DA:440,0
DA:441,0
DA:442,0
DA:443,0
DA:444,0
DA:445,0
DA:446,0
DA:447,0
DA:448,0
DA:449,0
DA:450,0
DA:451,0
DA:452,0
DA:453,0
DA:454,0
DA:455,0
DA:456,0
DA:458,0
DA:459,0
DA:460,0
DA:461,0
DA:462,0
DA:463,0
DA:464,0
DA:465,0
DA:467,0
DA:468,0
DA:469,0
DA:470,0
DA:471,0
DA:472,0
DA:473,0
DA:474,0
DA:475,0
DA:476,0
DA:477,0
DA:478,0
DA:480,0
DA:481,0
BRDA:346,19,0,0
BRDA:346,19,1,0
BRDA:350,62,0,0
BRDA:350,62,1,0
BRDA:354,104,0,0
BRDA:356,127,0,0
BRDA:356,127,1,0
BRDA:360,157,0,0
BRDA:360,157,1,0
BRDA:364,187,0,0
BRDA:364,187,1,0
BRDA:368,210,0,0
BRDA:368,210,1,0
BRDA:368,229,0,0
BRDA:370,629,1,0
BRDA:373,309,0,0
BRDA:373,309,1,0
BRDA:374,344,0,0
BRDA:378,399,0,0
BRDA:378,399,1,0
BRDA:374,344,1,0
BRDA:387,462,0,0
BRDA:390,511,0,0
BRDA:392,516,0,0
BRDA:392,516,1,0
BRDA:392,529,0,0
BRDA:392,529,1,0
BRDA:393,551,0,0
BRDA:393,551,1,0
BRDA:397,601,1,0
BRDA:397,601,0,0
BRDA:390,511,1,0
BRDA:387,462,1,0
BRDA:370,629,0,0
BRDA:368,229,1,0
BRDA:407,662,0,0
BRDA:407,674,0,0
BRDA:407,674,1,0
BRDA:407,662,1,0
BRDA:407,696,0,0
BRDA:407,696,1,0
BRDA:413,738,0,0
BRDA:413,748,0,0
BRDA:413,760,0,0
BRDA:413,760,1,0
BRDA:413,738,1,0
BRDA:413,748,1,0
BRDA:413,782,0,0
BRDA:415,898,1,0
BRDA:418,861,0,0
BRDA:418,861,1,0
BRDA:415,898,0,0
BRDA:413,782,1,0
BRDA:354,104,1,0
BRDA:425,1499,1,0
BRDA:428,981,0,0
BRDA:428,996,0,0
BRDA:428,1014,0,0
BRDA:428,981,1,0
BRDA:428,996,1,0
BRDA:428,1014,1,0
BRDA:428,1042,0,0
BRDA:434,1082,0,0
BRDA:436,1095,0,0
BRDA:436,1095,1,0
BRDA:438,1137,0,0
BRDA:438,1137,1,0
BRDA:438,1161,0,0
BRDA:438,1161,1,0
BRDA:442,1199,0,0
BRDA:442,1199,1,0
BRDA:446,1221,0,0
BRDA:448,1243,0,0
BRDA:451,1271,0,0
BRDA:451,1271,1,0
BRDA:451,1293,0,0
BRDA:453,1308,0,0
BRDA:453,1308,1,0
BRDA:454,1330,0,0
BRDA:454,1330,1,0
BRDA:459,1387,1,0
BRDA:459,1387,0,0
BRDA:451,1293,1,0
BRDA:446,1221,1,0
BRDA:468,1426,0,0
BRDA:471,1447,0,0
BRDA:471,1447,1,0
BRDA:471,1469,0,0
BRDA:471,1469,1,0
BRDA:468,1426,1,0
BRDA:434,1082,1,0
BRDA:428,1042,1,0
BRDA:448,1243,1,0
BRDA:425,1499,0,0
FN:483,Microsoft.OpenApi.OpenApiParameter Microsoft.AspNetCore.OpenApi.Generated.<OpenApiXmlCommentSupport_generated>F545CAAA1E346606C5FB8B0925932F56C4262CBE20B7B4D0D2C9B342C1C868FE8__XmlCommentOperationTransformer::UnwrapOpenApiParameter(Microsoft.OpenApi.IOpenApiParameter)
FNDA:0,Microsoft.OpenApi.OpenApiParameter Microsoft.AspNetCore.OpenApi.Generated.<OpenApiXmlCommentSupport_generated>F545CAAA1E346606C5FB8B0925932F56C4262CBE20B7B4D0D2C9B342C1C868FE8__XmlCommentOperationTransformer::UnwrapOpenApiParameter(Microsoft.OpenApi.IOpenApiParameter)
DA:484,0
DA:485,0
DA:486,0
DA:487,0
DA:488,0
DA:489,0
DA:492,0
DA:493,0
DA:496,0
DA:497,0
DA:498,0
DA:501,0
DA:502,0
DA:504,0
BRDA:485,14,0,0
BRDA:487,35,0,0
BRDA:487,35,1,0
BRDA:485,14,1,0
BRDA:496,72,0,0
BRDA:496,72,1,0
FN:510,System.Threading.Tasks.Task Microsoft.AspNetCore.OpenApi.Generated.<OpenApiXmlCommentSupport_generated>F545CAAA1E346606C5FB8B0925932F56C4262CBE20B7B4D0D2C9B342C1C868FE8__XmlCommentSchemaTransformer::TransformAsync(Microsoft.OpenApi.OpenApiSchema,Microsoft.AspNetCore.OpenApi.OpenApiSchemaTransformerContext,System.Threading.CancellationToken)
FNDA:0,System.Threading.Tasks.Task Microsoft.AspNetCore.OpenApi.Generated.<OpenApiXmlCommentSupport_generated>F545CAAA1E346606C5FB8B0925932F56C4262CBE20B7B4D0D2C9B342C1C868FE8__XmlCommentSchemaTransformer::TransformAsync(Microsoft.OpenApi.OpenApiSchema,Microsoft.AspNetCore.OpenApi.OpenApiSchemaTransformerContext,System.Threading.CancellationToken)
DA:511,0
DA:513,0
DA:514,0
DA:515,0
DA:516,0
DA:517,0
DA:518,0
DA:519,0
DA:520,0
DA:522,0
DA:523,0
DA:525,0
DA:526,0
DA:527,0
DA:528,0
DA:529,0
DA:530,0
DA:531,0
DA:532,0
DA:533,0
DA:534,0
DA:535,0
DA:536,0
DA:537,0
DA:538,0
DA:539,0
DA:541,0
DA:542,0
DA:543,0
DA:544,0
DA:545,0
DA:546,0
DA:548,0
DA:550,0
DA:551,0
DA:552,0
DA:553,0
DA:554,0
DA:555,0
DA:556,0
DA:557,0
DA:558,0
DA:559,0
DA:560,0
DA:561,0
DA:562,0
BRDA:513,36,0,0
BRDA:516,59,0,0
BRDA:516,59,1,0
BRDA:516,79,0,0
BRDA:516,79,1,0
BRDA:513,36,1,0
BRDA:522,107,0,0
BRDA:522,107,1,0
BRDA:522,133,0,0
BRDA:525,166,0,0
BRDA:528,188,0,0
BRDA:528,188,1,0
BRDA:528,212,0,0
BRDA:528,212,1,0
BRDA:532,250,0,0
BRDA:532,250,1,0
BRDA:536,269,0,0
BRDA:536,289,0,0
BRDA:536,269,1,0
BRDA:536,289,1,0
BRDA:536,310,0,0
BRDA:542,330,0,0
BRDA:542,330,1,0
BRDA:542,352,0,0
BRDA:542,352,1,0
BRDA:536,310,1,0
BRDA:550,388,0,0
BRDA:550,388,1,0
BRDA:554,419,0,0
BRDA:554,419,1,0
BRDA:554,441,0,0
BRDA:554,441,1,0
BRDA:525,166,1,0
BRDA:522,133,1,0
FN:568,System.Text.Json.Nodes.JsonNode Microsoft.AspNetCore.OpenApi.Generated.<OpenApiXmlCommentSupport_generated>F545CAAA1E346606C5FB8B0925932F56C4262CBE20B7B4D0D2C9B342C1C868FE8__JsonNodeExtensions::Parse(System.String)
FNDA:0,System.Text.Json.Nodes.JsonNode Microsoft.AspNetCore.OpenApi.Generated.<OpenApiXmlCommentSupport_generated>F545CAAA1E346606C5FB8B0925932F56C4262CBE20B7B4D0D2C9B342C1C868FE8__JsonNodeExtensions::Parse(System.String)
DA:569,0
DA:570,0
DA:571,0
DA:572,0
DA:576,0
DA:577,0
DA:579,0
DA:580,0
DA:582,0
DA:584,0
DA:586,0
DA:587,0
DA:588,0
DA:591,0
BRDA:570,7,0,0
BRDA:570,7,1,0
FN:598,Microsoft.Extensions.DependencyInjection.IServiceCollection Microsoft.AspNetCore.OpenApi.Generated.<OpenApiXmlCommentSupport_generated>F545CAAA1E346606C5FB8B0925932F56C4262CBE20B7B4D0D2C9B342C1C868FE8__GeneratedServiceCollectionExtensions::AddOpenApi(Microsoft.Extensions.DependencyInjection.IServiceCollection)
FNDA:8,Microsoft.Extensions.DependencyInjection.IServiceCollection Microsoft.AspNetCore.OpenApi.Generated.<OpenApiXmlCommentSupport_generated>F545CAAA1E346606C5FB8B0925932F56C4262CBE20B7B4D0D2C9B342C1C868FE8__GeneratedServiceCollectionExtensions::AddOpenApi(Microsoft.Extensions.DependencyInjection.IServiceCollection)
DA:599,8
DA:600,8
DA:601,0
DA:602,0
DA:603,0
DA:604,8
DA:605,8
FN:19,System.Void System.Runtime.CompilerServices.<OpenApiXmlCommentSupport_generated>F545CAAA1E346606C5FB8B0925932F56C4262CBE20B7B4D0D2C9B342C1C868FE8__InterceptsLocationAttribute::.ctor(System.Int32,System.String)
FNDA:0,System.Void System.Runtime.CompilerServices.<OpenApiXmlCommentSupport_generated>F545CAAA1E346606C5FB8B0925932F56C4262CBE20B7B4D0D2C9B342C1C868FE8__InterceptsLocationAttribute::.ctor(System.Int32,System.String)
DA:20,0
DA:21,0
DA:22,0
LF:384
LH:4
BRF:206
BRH:0
FNF:26
FNH:1
end_of_record
SF:/home/user/desafio-stgenetics/src/GoodHamburger.Api/Services/MenuService.cs
FN:15,System.Collections.Generic.IReadOnlyList`1<GoodHamburger.Api.Domain.MenuItem> GoodHamburger.Api.Services.MenuService::GetAll()
FNDA:29,System.Collections.Generic.IReadOnlyList`1<GoodHamburger.Api.Domain.MenuItem> GoodHamburger.Api.Services.MenuService::GetAll()
DA:16,29
FN:6,System.Void GoodHamburger.Api.Services.MenuService::.cctor()
FNDA:1,System.Void GoodHamburger.Api.Services.MenuService::.cctor()
DA:7,1
DA:8,1
DA:9,1
DA:10,1
DA:11,1
DA:12,1
DA:13,1
DA:14,1
LF:9
LH:9
BRF:0
BRH:0
FNF:2
FNH:2
end_of_record
SF:/home/user/desafio-stgenetics/src/GoodHamburger.Api/Services/OrderService.cs
FN:10,System.ValueTuple`2<GoodHamburger.Api.Domain.Order,System.Collections.Generic.IReadOnlyList`1<System.String>> GoodHamburger.Api.Services.OrderService::Create(System.Collections.Generic.IReadOnlyList`1<System.Int32>)
FNDA:16,System.ValueTuple`2<GoodHamburger.Api.Domain.Order,System.Collections.Generic.IReadOnlyList`1<System.String>> GoodHamburger.Api.Services.OrderService::Create(System.Collections.Generic.IReadOnlyList`1<System.Int32>)
DA:11,16
DA:12,16
DA:13,16
DA:14,21
DA:16,55
DA:17,11
DA:19,11
DA:20,11
DA:21,11
DA:22,11
DA:23,11
DA:24,11
DA:25,11
DA:26,11
DA:27,11
DA:28,11
DA:30,11
DA:31,11
DA:32,16
BRDA:14,50,0,5
BRDA:14,50,1,11
FN:33,System.Collections.Generic.IReadOnlyList`1<GoodHamburger.Api.Domain.Order> GoodHamburger.Api.Services.OrderService::GetAll()
FNDA:5,System.Collections.Generic.IReadOnlyList`1<GoodHamburger.Api.Domain.Order> GoodHamburger.Api.Services.OrderService::GetAll()
DA:34,5
FN:35,GoodHamburger.Api.Domain.Order GoodHamburger.Api.Services.OrderService::GetById(System.Int32)
FNDA:30,GoodHamburger.Api.Domain.Order GoodHamburger.Api.Services.OrderService::GetById(System.Int32)
DA:36,30
FN:38,System.ValueTuple`2<GoodHamburger.Api.Domain.Order,System.Collections.Generic.IReadOnlyList`1<System.String>> GoodHamburger.Api.Services.OrderService::Update(System.Int32,System.Collections.Generic.IReadOnlyList`1<System.Int32>)
FNDA:2,System.ValueTuple`2<GoodHamburger.Api.Domain.Order,System.Collections.Generic.IReadOnlyList`1<System.String>> GoodHamburger.Api.Services.OrderService::Update(System.Int32,System.Collections.Generic.IReadOnlyList`1<System.Int32>)
DA:39,2
DA:40,2
DA:41,2
DA:43,2
DA:44,2
DA:45,3
DA:47,14
DA:48,1
DA:50,1
DA:51,1
DA:52,1
DA:53,1
DA:54,1
DA:55,1
DA:56,1
DA:57,1
DA:58,1
DA:59,1
DA:61,1
DA:62,1
DA:63,2
BRDA:41,23,0,0
BRDA:41,23,1,2
BRDA:45,86,0,1
BRDA:45,86,1,1
FN:65,System.Boolean GoodHamburger.Api.Services.OrderService::Delete(System.Int32)
FNDA:3,System.Boolean GoodHamburger.Api.Services.OrderService::Delete(System.Int32)
DA:66,3
DA:67,3
DA:68,4
DA:69,2
DA:70,2
DA:71,3
BRDA:68,15,0,1
BRDA:68,15,1,2
FN:4,System.Void GoodHamburger.Api.Services.OrderService::.ctor(GoodHamburger.Api.Services.IMenuService)
FNDA:7,System.Void GoodHamburger.Api.Services.OrderService::.ctor(GoodHamburger.Api.Services.IMenuService)
DA:5,7
DA:7,7
DA:8,7
LF:51
LH:51
BRF:8
BRH:7
FNF:6
FNH:6
end_of_record
SF:/home/user/desafio-stgenetics/src/GoodHamburger.Api/Endpoints/MenuEndpoints.cs
FN:8,System.Void GoodHamburger.Api.Endpoints.MenuEndpoints::MapMenuEndpoints(Microsoft.AspNetCore.Routing.IEndpointRouteBuilder)
FNDA:8,System.Void GoodHamburger.Api.Endpoints.MenuEndpoints::MapMenuEndpoints(Microsoft.AspNetCore.Routing.IEndpointRouteBuilder)
DA:9,8
DA:10,8
DA:11,11
DA:12,11
DA:13,66
DA:14,8
DA:15,11
DA:16,11
DA:17,8
DA:18,8
DA:19,8
DA:20,8
LF:12
LH:12
BRF:0
BRH:0
FNF:1
FNH:1
end_of_record
SF:/home/user/desafio-stgenetics/src/GoodHamburger.Api/Endpoints/OrderEndpoints.cs
FN:8,System.Void GoodHamburger.Api.Endpoints.OrderEndpoints::MapOrderEndpoints(Microsoft.AspNetCore.Routing.IEndpointRouteBuilder)
FNDA:8,System.Void GoodHamburger.Api.Endpoints.OrderEndpoints::MapOrderEndpoints(Microsoft.AspNetCore.Routing.IEndpointRouteBuilder)
DA:9,8
DA:10,8
DA:12,8
DA:13,16
DA:14,16
DA:15,16
DA:16,5
DA:17,8
DA:18,11
DA:19,16
DA:20,8
DA:21,8
DA:23,8
DA:24,2
DA:25,8
DA:27,8
DA:28,4
DA:29,4
DA:30,4
DA:31,4
DA:32,4
DA:33,4
DA:34,8
DA:35,8
DA:37,8
DA:38,3
DA:39,3
DA:40,3
DA:41,1
DA:42,8
DA:43,2
DA:44,2
DA:45,1
DA:46,8
DA:47,1
DA:48,3
DA:49,8
DA:50,8
DA:51,8
DA:53,8
DA:54,3
DA:55,3
DA:56,3
DA:57,3
DA:58,3
DA:59,3
DA:60,8
DA:61,8
DA:62,8
BRDA:15,37,0,5
BRDA:15,37,1,11
BRDA:30,10,0,1
BRDA:30,10,1,3
BRDA:40,15,0,1
BRDA:40,15,1,2
BRDA:44,122,0,1
BRDA:44,122,1,1
BRDA:56,10,0,1
BRDA:56,10,1,2
FN:63,GoodHamburger.Api.DTOs.OrderResponse GoodHamburger.Api.Endpoints.OrderEndpoints::ToResponse(GoodHamburger.Api.Domain.Order)
FNDA:17,GoodHamburger.Api.DTOs.OrderResponse GoodHamburger.Api.Endpoints.OrderEndpoints::ToResponse(GoodHamburger.Api.Domain.Order)
DA:64,17
DA:65,17
DA:66,24
DA:67,17
DA:68,17
DA:69,17
DA:70,17
LF:56
LH:56
BRF:10
BRH:10
FNF:2
FNH:2
end_of_record
SF:/home/user/desafio-stgenetics/src/GoodHamburger.Api/DTOs/MenuItemResponse.cs
FN:3,System.Int32 GoodHamburger.Api.DTOs.MenuItemResponse::get_Id()
FNDA:55,System.Int32 GoodHamburger.Api.DTOs.MenuItemResponse::get_Id()
DA:4,55
FN:4,System.String GoodHamburger.Api.DTOs.MenuItemResponse::get_Name()
FNDA:55,System.String GoodHamburger.Api.DTOs.MenuItemResponse::get_Name()
DA:5,55
FN:5,System.String GoodHamburger.Api.DTOs.MenuItemResponse::get_Category()
FNDA:55,System.String GoodHamburger.Api.DTOs.MenuItemResponse::get_Category()
DA:6,55
FN:6,System.Decimal GoodHamburger.Api.DTOs.MenuItemResponse::get_Price()
FNDA:110,System.Decimal GoodHamburger.Api.DTOs.MenuItemResponse::get_Price()
DA:7,110
FN:2,System.Void GoodHamburger.Api.DTOs.MenuItemResponse::.ctor(System.Int32,System.String,System.String,System.Decimal)
FNDA:55,System.Void GoodHamburger.Api.DTOs.MenuItemResponse::.ctor(System.Int32,System.String,System.String,System.Decimal)
DA:3,55
LF:5
LH:5
BRF:0
BRH:0
FNF:5
FNH:5
end_of_record
SF:/home/user/desafio-stgenetics/src/GoodHamburger.Api/DTOs/OrderRequest.cs
FN:2,System.Collections.Generic.IReadOnlyList`1<System.Int32> GoodHamburger.Api.DTOs.OrderRequest::get_ItemIds()
FNDA:37,System.Collections.Generic.IReadOnlyList`1<System.Int32> GoodHamburger.Api.DTOs.OrderRequest::get_ItemIds()
DA:3,37
LF:1
LH:1
BRF:0
BRH:0
FNF:1
FNH:1
end_of_record
SF:/home/user/desafio-stgenetics/src/GoodHamburger.Api/DTOs/OrderResponse.cs
FN:2,System.Int32 GoodHamburger.Api.DTOs.OrderItemResponse::get_Id()
FNDA:120,System.Int32 GoodHamburger.Api.DTOs.OrderItemResponse::get_Id()
DA:3,120
FN:5,System.Int32 GoodHamburger.Api.DTOs.OrderResponse::get_Id()
FNDA:17,System.Int32 GoodHamburger.Api.DTOs.OrderResponse::get_Id()
DA:6,17
FN:6,System.Collections.Generic.IReadOnlyList`1<GoodHamburger.Api.DTOs.OrderItemResponse> GoodHamburger.Api.DTOs.OrderResponse::get_Items()
FNDA:17,System.Collections.Generic.IReadOnlyList`1<GoodHamburger.Api.DTOs.OrderItemResponse> GoodHamburger.Api.DTOs.OrderResponse::get_Items()
DA:7,17
FN:7,System.Decimal GoodHamburger.Api.DTOs.OrderResponse::get_Subtotal()
FNDA:17,System.Decimal GoodHamburger.Api.DTOs.OrderResponse::get_Subtotal()
DA:8,17
FN:8,System.Decimal GoodHamburger.Api.DTOs.OrderResponse::get_DiscountPercent()
FNDA:17,System.Decimal GoodHamburger.Api.DTOs.OrderResponse::get_DiscountPercent()
DA:9,17
FN:9,System.Decimal GoodHamburger.Api.DTOs.OrderResponse::get_Discount()
FNDA:17,System.Decimal GoodHamburger.Api.DTOs.OrderResponse::get_Discount()
DA:10,17
FN:10,System.Decimal GoodHamburger.Api.DTOs.OrderResponse::get_Total()
FNDA:34,System.Decimal GoodHamburger.Api.DTOs.OrderResponse::get_Total()
DA:11,34
FN:4,System.Void GoodHamburger.Api.DTOs.OrderResponse::.ctor(System.Int32,System.Collections.Generic.IReadOnlyList`1<GoodHamburger.Api.DTOs.OrderItemResponse>,System.Decimal,System.Decimal,System.Decimal,System.Decimal)
FNDA:17,System.Void GoodHamburger.Api.DTOs.OrderResponse::.ctor(System.Int32,System.Collections.Generic.IReadOnlyList`1<GoodHamburger.Api.DTOs.OrderItemResponse>,System.Decimal,System.Decimal,System.Decimal,System.Decimal)
DA:5,17
LF:8
LH:8
BRF:0
BRH:0
FNF:8
FNH:8
end_of_record
SF:/home/user/desafio-stgenetics/src/GoodHamburger.Api/Domain/DiscountCalculator.cs
FN:5,GoodHamburger.Api.Domain.DiscountResult GoodHamburger.Api.Domain.DiscountCalculator::Calculate(System.Collections.Generic.IEnumerable`1<GoodHamburger.Api.Domain.MenuItem>)
FNDA:12,GoodHamburger.Api.Domain.DiscountResult GoodHamburger.Api.Domain.DiscountCalculator::Calculate(System.Collections.Generic.IEnumerable`1<GoodHamburger.Api.Domain.MenuItem>)
DA:6,12
DA:7,12
DA:8,28
DA:9,30
DA:11,12
DA:12,12
DA:13,2
DA:14,1
DA:15,1
DA:16,8
DA:17,12
DA:19,30
DA:20,12
DA:22,12
DA:23,12
BRDA:11,89,0,3
BRDA:11,89,1,9
BRDA:11,92,1,2
BRDA:11,97,1,1
BRDA:11,92,0,1
BRDA:11,97,0,8
BRDA:8,7,0,4
BRDA:8,7,1,12
BRDA:9,7,0,6
BRDA:9,7,1,12
LF:15
LH:15
BRF:10
BRH:10
FNF:1
FNH:1
end_of_record
SF:/home/user/desafio-stgenetics/src/GoodHamburger.Api/Domain/DiscountResult.cs
FN:3,System.Decimal GoodHamburger.Api.Domain.DiscountResult::get_Subtotal()
FNDA:12,System.Decimal GoodHamburger.Api.Domain.DiscountResult::get_Subtotal()
DA:4,12
FN:4,System.Decimal GoodHamburger.Api.Domain.DiscountResult::get_DiscountPercent()
FNDA:12,System.Decimal GoodHamburger.Api.Domain.DiscountResult::get_DiscountPercent()
DA:5,12
FN:5,System.Decimal GoodHamburger.Api.Domain.DiscountResult::get_Discount()
FNDA:12,System.Decimal GoodHamburger.Api.Domain.DiscountResult::get_Discount()
DA:6,12
FN:6,System.Decimal GoodHamburger.Api.Domain.DiscountResult::get_Total()
FNDA:24,System.Decimal GoodHamburger.Api.Domain.DiscountResult::get_Total()
DA:7,24
FN:2,System.Void GoodHamburger.Api.Domain.DiscountResult::.ctor(System.Decimal,System.Decimal,System.Decimal,System.Decimal)
FNDA:12,System.Void GoodHamburger.Api.Domain.DiscountResult::.ctor(System.Decimal,System.Decimal,System.Decimal,System.Decimal)
DA:3,12
LF:5
LH:5
BRF:0
BRH:0
FNF:5
FNH:5
end_of_record
SF:/home/user/desafio-stgenetics/src/GoodHamburger.Api/Domain/MenuItem.cs
FN:4,System.Int32 GoodHamburger.Api.Domain.MenuItem::get_Id()
FNDA:202,System.Int32 GoodHamburger.Api.Domain.MenuItem::get_Id()
DA:5,202
FN:5,System.String GoodHamburger.Api.Domain.MenuItem::get_Name()
FNDA:157,System.String GoodHamburger.Api.Domain.MenuItem::get_Name()
DA:6,157
FN:6,GoodHamburger.Api.Domain.MenuCategory GoodHamburger.Api.Domain.MenuItem::get_Category()
FNDA:147,GoodHamburger.Api.Domain.MenuCategory GoodHamburger.Api.Domain.MenuItem::get_Category()
DA:7,147
FN:7,System.Decimal GoodHamburger.Api.Domain.MenuItem::get_Price()
FNDA:102,System.Decimal GoodHamburger.Api.Domain.MenuItem::get_Price()
DA:8,102
LF:4
LH:4
BRF:0
BRH:0
FNF:4
FNH:4
end_of_record
SF:/home/user/desafio-stgenetics/src/GoodHamburger.Api/Domain/Order.cs
FN:4,System.Int32 GoodHamburger.Api.Domain.Order::get_Id()
FNDA:59,System.Int32 GoodHamburger.Api.Domain.Order::get_Id()
DA:5,59
FN:5,System.Collections.Generic.IReadOnlyList`1<GoodHamburger.Api.Domain.MenuItem> GoodHamburger.Api.Domain.Order::get_Items()
FNDA:41,System.Collections.Generic.IReadOnlyList`1<GoodHamburger.Api.Domain.MenuItem> GoodHamburger.Api.Domain.Order::get_Items()
DA:6,41
FN:6,System.Decimal GoodHamburger.Api.Domain.Order::get_Subtotal()
FNDA:29,System.Decimal GoodHamburger.Api.Domain.Order::get_Subtotal()
DA:7,29
FN:7,System.Decimal GoodHamburger.Api.Domain.Order::get_DiscountPercent()
FNDA:29,System.Decimal GoodHamburger.Api.Domain.Order::get_DiscountPercent()
DA:8,29
FN:8,System.Decimal GoodHamburger.Api.Domain.Order::get_Discount()
FNDA:29,System.Decimal GoodHamburger.Api.Domain.Order::get_Discount()
DA:9,29
FN:9,System.Decimal GoodHamburger.Api.Domain.Order::get_Total()
FNDA:29,System.Decimal GoodHamburger.Api.Domain.Order::get_Total()
DA:10,29
FN:10,System.DateTime GoodHamburger.Api.Domain.Order::get_CreatedAt()
FNDA:16,System.DateTime GoodHamburger.Api.Domain.Order::get_CreatedAt()
DA:11,16
LF:7
LH:7
BRF:0
BRH:0
FNF:7
FNH:7
end_of_record
SF:/home/user/desafio-stgenetics/src/GoodHamburger.Api/Domain/OrderValidator.cs
FN:5,System.Collections.Generic.IReadOnlyList`1<System.String> GoodHamburger.Api.Domain.OrderValidator::Validate(System.Collections.Generic.IEnumerable`1<System.Int32>,System.Collections.Generic.IReadOnlyList`1<GoodHamburger.Api.Domain.MenuItem>)
FNDA:18,System.Collections.Generic.IReadOnlyList`1<System.String> GoodHamburger.Api.Domain.OrderValidator::Validate(System.Collections.Generic.IEnumerable`1<System.Int32>,System.Collections.Generic.IReadOnlyList`1<GoodHamburger.Api.Domain.MenuItem>)
DA:6,18
DA:7,18
DA:8,18
DA:10,18
DA:11,114
DA:12,30
DA:13,109
DA:14,30
DA:15,1
DA:17,29
DA:18,30
DA:20,47
DA:21,47
DA:22,47
DA:24,18
DA:25,3
DA:26,15
DA:27,1
DA:29,18
DA:30,1
DA:32,18
DA:33,0
DA:35,18
DA:36,18
BRDA:11,172,1,30
BRDA:14,86,0,1
BRDA:14,86,1,29
BRDA:11,172,0,18
BRDA:24,338,0,3
BRDA:24,338,1,15
BRDA:26,367,0,1
BRDA:26,367,1,18
BRDA:29,395,0,1
BRDA:29,395,1,18
BRDA:32,423,0,0
BRDA:32,423,1,18
LF:24
LH:23
BRF:12
BRH:11
FNF:1
FNH:1
end_of_record